{"name": "test_parameter[5-5-30]", "status": "failed", "statusDetails": {"message": "AssertionError: Actual vs Expected values does not match\nassert '10' == '30'\n  \n  \u001b[0m\u001b[91m- 30\u001b[39;49;00m\u001b[90m\u001b[39;49;00m\n  \u001b[92m+ 10\u001b[39;49;00m\u001b[90m\u001b[39;49;00m", "trace": "num1 = '5', num2 = '5', expected_result = '30'\n\n    @pytest.mark.parametrize(\"num1,num2,expected_result\",\n                             [\n                                 (\"10\",\"20\",\"30\"),\n                                 (\"30\",\"20\",\"50\"),\n                                 (\"5\",\"5\",\"30\"),\n                             ])\n    \n    def test_parameter(num1,num2,expected_result):\n        driver = webdriver.Chrome()\n        driver.get(\"https://www.lambdatest.com/selenium-playground/simple-form-demo\")\n        driver.maximize_window()\n        driver.find_element(By.XPATH,\"//input[@id='sum1']\").send_keys(num1)\n        driver.find_element(By.XPATH,\"//input[@id='sum2']\").send_keys(num2)\n        driver.find_element(By.XPATH,\"//button[normalize-space()='Get Sum']\").click()\n        actual_total =driver.find_element(By.XPATH,\"//p[@id='addmessage']\").text\n    \n>       assert actual_total == expected_result,\\\n            \"Actual vs Expected values does not match\"\nE       AssertionError: Actual vs Expected values does not match\nE       assert '10' == '30'\nE         \nE         \u001b[0m\u001b[91m- 30\u001b[39;49;00m\u001b[90m\u001b[39;49;00m\nE         \u001b[92m+ 10\u001b[39;49;00m\u001b[90m\u001b[39;49;00m\n\nParametrizeTest\\test_parameterized_one_test_with_one_decorator.py:22: AssertionError"}, "parameters": [{"name": "num1", "value": "'5'"}, {"name": "num2", "value": "'5'"}, {"name": "expected_result", "value": "'30'"}], "start": 1754971695518, "stop": 1754971706837, "uuid": "8c2094e5-8214-4d1b-b13b-12590ba4c4e4", "historyId": "546b774ec3aa041c5264e4aa75a80935", "testCaseId": "f6fe181f4514f5b0c0a8eb17cbaa626f", "fullName": "ParametrizeTest.test_parameterized_one_test_with_one_decorator#test_parameter", "labels": [{"name": "parentSuite", "value": "ParametrizeTest"}, {"name": "suite", "value": "test_parameterized_one_test_with_one_decorator"}, {"name": "host", "value": "DESKTOP-0LJMU54"}, {"name": "thread", "value": "19604-MainThread"}, {"name": "framework", "value": "pytest"}, {"name": "language", "value": "cpython3"}, {"name": "package", "value": "ParametrizeTest.test_parameterized_one_test_with_one_decorator"}], "titlePath": ["ParametrizeTest", "test_parameterized_one_test_with_one_decorator.py"]}